Unity Editor version:    2022.1.20f1 (01d83b40d570)
Branch:                  2022.1/staging
Build type:              Release
Batch mode:              YES
macOS version:           Version 13.1 (Build 22C65)
Darwin version:          22.2.0
Architecture:            x86_64
Running under Rosetta:   NO
Available memory:        8192 MB
Using pre-set license
Pro License: YES

COMMAND LINE ARGUMENTS:
/Users/louisecollins/Repos/Unity2D/Unity Install Folder/2022.1.20f1/Unity.app/Contents/MacOS/Unity
-adb2
-batchMode
-noUpm
-name
AssetImportWorker0
-projectPath
/Users/louisecollins/Repos/Unity2D/Turn_Based_Strategy_Course/Turn Based Strategy Course
-logFile
Logs/AssetImportWorker0.log
-srvPort
50138
Successfully changed project path to: /Users/louisecollins/Repos/Unity2D/Turn_Based_Strategy_Course/Turn Based Strategy Course
/Users/louisecollins/Repos/Unity2D/Turn_Based_Strategy_Course/Turn Based Strategy Course
[UnityMemory] Configuration Parameters - Can be set up in boot.config
    "memorysetup-bucket-allocator-granularity=16"
    "memorysetup-bucket-allocator-bucket-count=8"
    "memorysetup-bucket-allocator-block-size=33554432"
    "memorysetup-bucket-allocator-block-count=8"
    "memorysetup-main-allocator-block-size=16777216"
    "memorysetup-thread-allocator-block-size=16777216"
    "memorysetup-gfx-main-allocator-block-size=16777216"
    "memorysetup-gfx-thread-allocator-block-size=16777216"
    "memorysetup-cache-allocator-block-size=4194304"
    "memorysetup-typetree-allocator-block-size=2097152"
    "memorysetup-profiler-bucket-allocator-granularity=16"
    "memorysetup-profiler-bucket-allocator-bucket-count=8"
    "memorysetup-profiler-bucket-allocator-block-size=33554432"
    "memorysetup-profiler-bucket-allocator-block-count=8"
    "memorysetup-profiler-allocator-block-size=16777216"
    "memorysetup-profiler-editor-allocator-block-size=1048576"
    "memorysetup-temp-allocator-size-main=16777216"
    "memorysetup-job-temp-allocator-block-size=2097152"
    "memorysetup-job-temp-allocator-block-size-background=1048576"
    "memorysetup-job-temp-allocator-reduction-small-platforms=262144"
    "memorysetup-temp-allocator-size-background-worker=32768"
    "memorysetup-temp-allocator-size-job-worker=262144"
    "memorysetup-temp-allocator-size-preload-manager=33554432"
    "memorysetup-temp-allocator-size-nav-mesh-worker=65536"
    "memorysetup-temp-allocator-size-audio-worker=65536"
    "memorysetup-temp-allocator-size-cloud-worker=32768"
    "memorysetup-temp-allocator-size-gi-baking-worker=262144"
    "memorysetup-temp-allocator-size-gfx=262144"
Refreshing native plugins compatible for Editor in 110.73 ms, found 2 plugins.
Preloading 0 native plugins for Editor in 0.00 ms.
Initialize engine version: 2022.1.20f1 (01d83b40d570)
[Subsystems] Discovering subsystems at path /Users/louisecollins/Repos/Unity2D/Unity Install Folder/2022.1.20f1/Unity.app/Contents/Resources/UnitySubsystems
[Subsystems] Discovering subsystems at path /Users/louisecollins/Repos/Unity2D/Turn_Based_Strategy_Course/Turn Based Strategy Course/Assets
GfxDevice: creating device client; threaded=0; jobified=0
iMac preferred device: AMD Radeon Pro 560X (high power)
Metal devices available: 1
0: AMD Radeon Pro 560X (high power)
Using device AMD Radeon Pro 560X (high power)
Initializing Metal device caps: AMD Radeon Pro 560X
Initialize mono
Mono path[0] = '/Users/louisecollins/Repos/Unity2D/Unity Install Folder/2022.1.20f1/Unity.app/Contents/Managed'
Mono path[1] = '/Users/louisecollins/Repos/Unity2D/Unity Install Folder/2022.1.20f1/Unity.app/Contents/MonoBleedingEdge/lib/mono/unityjit-macos'
Mono config path = '/Users/louisecollins/Repos/Unity2D/Unity Install Folder/2022.1.20f1/Unity.app/Contents/MonoBleedingEdge/etc'
Using monoOptions --debugger-agent=transport=dt_socket,embedding=1,server=y,suspend=n,address=127.0.0.1:56294
Begin MonoManager ReloadAssembly
Registering precompiled unity dll's ...
Register platform support module: /Users/louisecollins/Repos/Unity2D/Unity Install Folder/2022.1.20f1/PlaybackEngines/WebGLSupport/UnityEditor.WebGL.Extensions.dll
Register platform support module: /Users/louisecollins/Repos/Unity2D/Unity Install Folder/2022.1.20f1/Unity.app/Contents/PlaybackEngines/MacStandaloneSupport/UnityEditor.OSXStandalone.Extensions.dll
Registered in 0.051034 seconds.
Native extension for OSXStandalone target not found
Native extension for WebGL target not found
Refreshing native plugins compatible for Editor in 103.58 ms, found 2 plugins.
Preloading 0 native plugins for Editor in 0.00 ms.
Mono: successfully reloaded assembly
- Completed reload, in  1.197 seconds
Domain Reload Profiling:
	ReloadAssembly (1198ms)
		BeginReloadAssembly (368ms)
			ExecutionOrderSort (0ms)
			DisableScriptedObjects (0ms)
			BackupInstance (0ms)
			ReleaseScriptingObjects (0ms)
			CreateAndSetChildDomain (1ms)
		EndReloadAssembly (654ms)
			LoadAssemblies (370ms)
			RebuildTransferFunctionScriptingTraits (0ms)
			SetupTypeCache (150ms)
				TypeCache.Initialize (150ms)
					TypeCache.ScanAssembly (149ms)
				ResolveRequiredComponents (1ms)
			ReleaseScriptCaches (0ms)
			RebuildScriptCaches (40ms)
			SetupLoadedEditorAssemblies (400ms)
				LogAssemblyErrors (0ms)
				InitializePlatformSupportModulesInManaged (9ms)
				SetLoadedEditorAssemblies (7ms)
				RefreshPlugins (104ms)
				BeforeProcessingInitializeOnLoad (2ms)
				ProcessInitializeOnLoadAttributes (151ms)
				ProcessInitializeOnLoadMethodAttributes (126ms)
				AfterProcessingInitializeOnLoad (0ms)
				EditorAssembliesLoaded (0ms)
			ExecutionOrderSort2 (0ms)
			AwakeInstancesAfterBackupRestoration (0ms)
Platform modules already initialized, skipping
Registering precompiled user dll's ...
Registered in 0.009769 seconds.
Begin MonoManager ReloadAssembly
Symbol file LoadedFromMemory doesn't match image /Users/louisecollins/Repos/Unity2D/Turn_Based_Strategy_Course/Turn Based Strategy Course/Library/PackageCache/com.unity.visualscripting@1.7.8/Editor/VisualScripting.Core/Dependencies/YamlDotNet/Unity.VisualScripting.YamlDotNet.dll
Symbol file LoadedFromMemory doesn't match image /Users/louisecollins/Repos/Unity2D/Turn_Based_Strategy_Course/Turn Based Strategy Course/Library/PackageCache/com.unity.visualscripting@1.7.8/Editor/VisualScripting.Core/Dependencies/DotNetZip/Unity.VisualScripting.IonicZip.dll
Native extension for OSXStandalone target not found
Native extension for WebGL target not found
Refreshing native plugins compatible for Editor in 104.91 ms, found 2 plugins.
Preloading 0 native plugins for Editor in 0.00 ms.
Mono: successfully reloaded assembly
- Completed reload, in  2.218 seconds
Domain Reload Profiling:
	ReloadAssembly (2223ms)
		BeginReloadAssembly (398ms)
			ExecutionOrderSort (0ms)
			DisableScriptedObjects (7ms)
			BackupInstance (0ms)
			ReleaseScriptingObjects (0ms)
			CreateAndSetChildDomain (30ms)
		EndReloadAssembly (1570ms)
			LoadAssemblies (588ms)
			RebuildTransferFunctionScriptingTraits (0ms)
			SetupTypeCache (340ms)
				TypeCache.Initialize (326ms)
					TypeCache.ScanAssembly (322ms)
				ResolveRequiredComponents (15ms)
			ReleaseScriptCaches (1ms)
			RebuildScriptCaches (71ms)
			SetupLoadedEditorAssemblies (775ms)
				LogAssemblyErrors (0ms)
				InitializePlatformSupportModulesInManaged (4ms)
				SetLoadedEditorAssemblies (6ms)
				RefreshPlugins (105ms)
				BeforeProcessingInitializeOnLoad (104ms)
				ProcessInitializeOnLoadAttributes (398ms)
				ProcessInitializeOnLoadMethodAttributes (157ms)
				AfterProcessingInitializeOnLoad (2ms)
				EditorAssembliesLoaded (0ms)
			ExecutionOrderSort2 (0ms)
			AwakeInstancesAfterBackupRestoration (5ms)
Platform modules already initialized, skipping
========================================================================
Worker process is ready to serve import requests
Launching external process: /Users/louisecollins/Repos/Unity2D/Unity Install Folder/2022.1.20f1/Unity.app/Contents/Tools/UnityShaderCompiler
Launched and connected shader compiler UnityShaderCompiler after 0.09 seconds
Refreshing native plugins compatible for Editor in 0.78 ms, found 2 plugins.
Preloading 0 native plugins for Editor in 0.00 ms.
Unloading 5076 Unused Serialized files (Serialized files now loaded: 0)
Unloading 32 unused Assets / (352.7 KB). Loaded Objects now: 5533.
Memory consumption went from 0.74 GB to 0.74 GB.
Total: 4.344211 ms (FindLiveObjects: 0.443789 ms CreateObjectMapping: 0.591032 ms MarkObjects: 3.101343 ms  DeleteObjects: 0.207017 ms)

AssetImportParameters requested are different than current active one (requested -> active):
  custom:video-decoder-ogg-theora: a1e56fd34408186e4bbccfd4996cb3dc -> 
  custom:container-muxer-webm: aa71ff27fc2769a1b78a27578f13a17b -> 
  custom:container-demuxer-webm: 4f35f7cbe854078d1ac9338744f61a02 -> 
  custom:video-encoder-webm-vp8: eb34c28f22e8b96e1ab97ce403110664 -> 
  custom:framework-osx-AVFoundation: e770b220cccbd017edd2c1fefb359320 -> 
  custom:audio-encoder-webm-vorbis: bf7c407c2cedff20999df2af8eb42d56 -> 
  custom:container-demuxer-ogg: 62fdf1f143b41e24485cea50d1cbac27 -> 
  custom:video-decoder-webm-vp8: 9c59270c3fd7afecdb556c50c9e8de78 -> 
  custom:audio-decoder-ogg-vorbis: bf7c407c2cedff20999df2af8eb42d56 -> 
========================================================================
Received Import Request.
  Time since last request: 17135.858935 seconds.
  path: Assets/Scenes/SampleScene.unity
  artifactKey: Guid(99c9720ab356a0642a771bea13969a05) Importer(815301076,1909f56bfc062723c751e8b465ee728b)
Start importing Assets/Scenes/SampleScene.unity using Guid(99c9720ab356a0642a771bea13969a05) Importer(815301076,1909f56bfc062723c751e8b465ee728b)  -> (artifact id: 'e7dd011fc16037f9dd0c390bc7dcfea7') in 0.119314 seconds 
========================================================================
Received Import Request.
  Time since last request: 26.474674 seconds.
  path: Assets/Scenes/GameScene.unity
  artifactKey: Guid(99c9720ab356a0642a771bea13969a05) Importer(815301076,1909f56bfc062723c751e8b465ee728b)
Start importing Assets/Scenes/GameScene.unity using Guid(99c9720ab356a0642a771bea13969a05) Importer(815301076,1909f56bfc062723c751e8b465ee728b)  -> (artifact id: '4cb90995db5166c27dd5d6ed54da2506') in 0.001345 seconds 
========================================================================
Received Import Request.
  Time since last request: 129.445854 seconds.
  path: Assets/PolygonPrototype
  artifactKey: Guid(3d106e81865adb54f991c813aaf8fdb2) Importer(815301076,1909f56bfc062723c751e8b465ee728b)
Start importing Assets/PolygonPrototype using Guid(3d106e81865adb54f991c813aaf8fdb2) Importer(815301076,1909f56bfc062723c751e8b465ee728b)  -> (artifact id: 'b1f6f48d82022695907a2a518ac20657') in 0.002059 seconds 
========================================================================
Received Import Request.
  Time since last request: 9.053054 seconds.
  path: Assets/PolygonPrototype/Shaders
  artifactKey: Guid(ea16f83db1009b3479e7288724cae2cf) Importer(815301076,1909f56bfc062723c751e8b465ee728b)
Start importing Assets/PolygonPrototype/Shaders using Guid(ea16f83db1009b3479e7288724cae2cf) Importer(815301076,1909f56bfc062723c751e8b465ee728b)  -> (artifact id: 'd4d54f0cb8f750d25134a8b5205aa22c') in 0.005124 seconds 
========================================================================
Received Import Request.
  Time since last request: 0.547583 seconds.
  path: Assets/PolygonPrototype/Prefabs
  artifactKey: Guid(f90180b1ee031f748974af4aabf3c126) Importer(815301076,1909f56bfc062723c751e8b465ee728b)
Start importing Assets/PolygonPrototype/Prefabs using Guid(f90180b1ee031f748974af4aabf3c126) Importer(815301076,1909f56bfc062723c751e8b465ee728b)  -> (artifact id: 'ce77817d83f91c8d6335b0cb4f81865c') in 0.004969 seconds 
========================================================================
Received Import Request.
  Time since last request: 120.132329 seconds.
  path: Assets/PolygonPrototype/Prefabs/Buildings/Polygon/SM_Buildings_WallDoorDouble_3x3_01P.prefab
  artifactKey: Guid(fb5fe60765bf4b841bd460907c1f255a) Importer(815301076,1909f56bfc062723c751e8b465ee728b)
Start importing Assets/PolygonPrototype/Prefabs/Buildings/Polygon/SM_Buildings_WallDoorDouble_3x3_01P.prefab using Guid(fb5fe60765bf4b841bd460907c1f255a) Importer(815301076,1909f56bfc062723c751e8b465ee728b)  -> (artifact id: '9e44cc810018127383d1041452667305') in 3.652854 seconds 
========================================================================
Received Import Request.
  Time since last request: 140.823689 seconds.
  path: Assets/PolygonPrototype/Textures
  artifactKey: Guid(28ceb8bc5aa19864faf6071157aa0e82) Importer(815301076,1909f56bfc062723c751e8b465ee728b)
Start importing Assets/PolygonPrototype/Textures using Guid(28ceb8bc5aa19864faf6071157aa0e82) Importer(815301076,1909f56bfc062723c751e8b465ee728b)  -> (artifact id: '85d28aa454260b8394955f2b1845fe41') in 0.005279 seconds 
========================================================================
Received Import Request.
  Time since last request: 869.663198 seconds.
  path: Assets
  artifactKey: Guid(00000000000000001000000000000000) Importer(815301076,1909f56bfc062723c751e8b465ee728b)
Start importing Assets using Guid(00000000000000001000000000000000) Importer(815301076,1909f56bfc062723c751e8b465ee728b)  -> (artifact id: '643dbe22ecb75e7bba7c4df53f6b1cbf') in 0.004622 seconds 
========================================================================
Received Import Request.
  Time since last request: 1.291534 seconds.
  path: Assets/Settings
  artifactKey: Guid(709f11a7f3c4041caa4ef136ea32d874) Importer(815301076,1909f56bfc062723c751e8b465ee728b)
Start importing Assets/Settings using Guid(709f11a7f3c4041caa4ef136ea32d874) Importer(815301076,1909f56bfc062723c751e8b465ee728b)  -> (artifact id: '72a64612e69e4758ab6a18936ac1e5ec') in 0.001654 seconds 
========================================================================
Received Import Request.
  Time since last request: 11.163045 seconds.
  path: Assets/Settings/URP-Balanced.asset
  artifactKey: Guid(e1260c1148f6143b28bae5ace5e9c5d1) Importer(815301076,1909f56bfc062723c751e8b465ee728b)
Start importing Assets/Settings/URP-Balanced.asset using Guid(e1260c1148f6143b28bae5ace5e9c5d1) Importer(815301076,1909f56bfc062723c751e8b465ee728b)  -> (artifact id: 'aae7e62dabd1605ed92e2aeb22718feb') in 0.109731 seconds 
========================================================================
Received Import Request.
  Time since last request: 5.868218 seconds.
  path: Assets/Settings/URP-HighFidelity.asset
  artifactKey: Guid(7b7fd9122c28c4d15b667c7040e3b3fd) Importer(815301076,1909f56bfc062723c751e8b465ee728b)
Start importing Assets/Settings/URP-HighFidelity.asset using Guid(7b7fd9122c28c4d15b667c7040e3b3fd) Importer(815301076,1909f56bfc062723c751e8b465ee728b)  -> (artifact id: 'ef08fb3b685766de0462f3b1ede86704') in 0.017369 seconds 
========================================================================
Received Import Request.
  Time since last request: 789.774701 seconds.
  path: Assets/Settings/URP-HighFidelity-Renderer.asset
  artifactKey: Guid(c40be3174f62c4acf8c1216858c64956) Importer(815301076,1909f56bfc062723c751e8b465ee728b)
Start importing Assets/Settings/URP-HighFidelity-Renderer.asset using Guid(c40be3174f62c4acf8c1216858c64956) Importer(815301076,1909f56bfc062723c751e8b465ee728b)  -> (artifact id: 'b1b1fe4e00317296ffbf8d175e3da47a') in 0.007550 seconds 
========================================================================
Received Import Request.
  Time since last request: 304.661975 seconds.
  path: Assets/Scenes
  artifactKey: Guid(2bce5b33f94f547959fcae136361613e) Importer(815301076,1909f56bfc062723c751e8b465ee728b)
Start importing Assets/Scenes using Guid(2bce5b33f94f547959fcae136361613e) Importer(815301076,1909f56bfc062723c751e8b465ee728b)  -> (artifact id: '134091204184e1b7497ed36e39232f8a') in 0.004626 seconds 
========================================================================
Received Import Request.
  Time since last request: 4.136589 seconds.
  path: Assets/Scenes/GameScene
  artifactKey: Guid(232410176495a4ce68babc3c63394518) Importer(815301076,1909f56bfc062723c751e8b465ee728b)
Start importing Assets/Scenes/GameScene using Guid(232410176495a4ce68babc3c63394518) Importer(815301076,1909f56bfc062723c751e8b465ee728b)  -> (artifact id: 'a6645411fa349139306891ae6b1f696c') in 0.004895 seconds 
========================================================================
Received Import Request.
  Time since last request: 9.829748 seconds.
  path: Assets/Scenes/GameScene/Global Volume Profile.asset
  artifactKey: Guid(568906b17fa9f46b793e1ae6242f4f6b) Importer(815301076,1909f56bfc062723c751e8b465ee728b)
Start importing Assets/Scenes/GameScene/Global Volume Profile.asset using Guid(568906b17fa9f46b793e1ae6242f4f6b) Importer(815301076,1909f56bfc062723c751e8b465ee728b)  -> (artifact id: '62ec7e71cddd76949d9bc1b881be081b') in 0.003555 seconds 
========================================================================
Received Import Request.
  Time since last request: 29.550299 seconds.
  path: Assets/Scenes/GameScene/Global Volume Profile.asset
  artifactKey: Guid(568906b17fa9f46b793e1ae6242f4f6b) Importer(815301076,1909f56bfc062723c751e8b465ee728b)
Start importing Assets/Scenes/GameScene/Global Volume Profile.asset using Guid(568906b17fa9f46b793e1ae6242f4f6b) Importer(815301076,1909f56bfc062723c751e8b465ee728b)  -> (artifact id: 'a2ff4981f606d8e35518dd7d3d56054a') in 0.002058 seconds 
